2017-02-27 21:30:53.508  INFO 36356 --- [main] c.t.BrideLoginApplicationTests           : Starting BrideLoginApplicationTests on Justins-MacBook-Pro.local with PID 36356 (started by bahr2772 in /Users/bahr2772/Documents/brideLogin)
2017-02-27 21:30:53.509  INFO 36356 --- [main] c.t.BrideLoginApplicationTests           : No active profile set, falling back to default profiles: default
2017-02-27 21:30:53.541  INFO 36356 --- [main] o.s.w.c.s.GenericWebApplicationContext   : Refreshing org.springframework.web.context.support.GenericWebApplicationContext@673fdbce: startup date [Mon Feb 27 21:30:53 CST 2017]; root of context hierarchy
2017-02-27 21:30:54.604  INFO 36356 --- [main] trationDelegate$BeanPostProcessorChecker : Bean 'org.springframework.transaction.annotation.ProxyTransactionManagementConfiguration' of type [class org.springframework.transaction.annotation.ProxyTransactionManagementConfiguration$$EnhancerBySpringCGLIB$$5e440a6a] is not eligible for getting processed by all BeanPostProcessors (for example: not eligible for auto-proxying)
2017-02-27 21:30:54.913  INFO 36356 --- [main] j.LocalContainerEntityManagerFactoryBean : Building JPA container EntityManagerFactory for persistence unit 'default'
2017-02-27 21:30:54.930  INFO 36356 --- [main] o.hibernate.jpa.internal.util.LogHelper  : HHH000204: Processing PersistenceUnitInfo [
	name: default
	...]
2017-02-27 21:30:54.991  INFO 36356 --- [main] org.hibernate.Version                    : HHH000412: Hibernate Core {5.0.11.Final}
2017-02-27 21:30:54.993  INFO 36356 --- [main] org.hibernate.cfg.Environment            : HHH000206: hibernate.properties not found
2017-02-27 21:30:54.994  INFO 36356 --- [main] org.hibernate.cfg.Environment            : HHH000021: Bytecode provider name : javassist
2017-02-27 21:30:55.029  INFO 36356 --- [main] o.hibernate.annotations.common.Version   : HCANN000001: Hibernate Commons Annotations {5.0.1.Final}
2017-02-27 21:30:55.110  WARN 36356 --- [main] o.a.tomcat.jdbc.pool.ConnectionPool      : initialSize is larger than maxActive, setting initialSize to: 5
2017-02-27 21:30:55.111  WARN 36356 --- [main] o.a.tomcat.jdbc.pool.ConnectionPool      : minIdle is larger than maxActive, setting minIdle to: 5
2017-02-27 21:30:55.111  WARN 36356 --- [main] o.a.tomcat.jdbc.pool.ConnectionPool      : maxIdle is larger than maxActive, setting maxIdle to: 5
2017-02-27 21:30:57.366  INFO 36356 --- [main] org.hibernate.dialect.Dialect            : HHH000400: Using dialect: org.hibernate.dialect.MySQL5Dialect
2017-02-27 21:30:57.786  INFO 36356 --- [main] org.hibernate.tool.hbm2ddl.SchemaUpdate  : HHH000228: Running hbm2ddl schema update
2017-02-27 21:30:59.418  INFO 36356 --- [main] j.LocalContainerEntityManagerFactoryBean : Initialized JPA EntityManagerFactory for persistence unit 'default'
2017-02-27 21:30:59.953  INFO 36356 --- [main] s.w.s.m.m.a.RequestMappingHandlerAdapter : Looking for @ControllerAdvice: org.springframework.web.context.support.GenericWebApplicationContext@673fdbce: startup date [Mon Feb 27 21:30:53 CST 2017]; root of context hierarchy
2017-02-27 21:31:00.018  INFO 36356 --- [main] s.w.s.m.m.a.RequestMappingHandlerMapping : Mapped "{[/api/registerBride],methods=[POST]}" onto public java.lang.String com.totallysound.repositories.resource.ApI.registerBride(java.lang.String,java.lang.String,java.lang.String,java.lang.String,java.lang.String,java.lang.String)
2017-02-27 21:31:00.018  INFO 36356 --- [main] s.w.s.m.m.a.RequestMappingHandlerMapping : Mapped "{[/api/checkUser],methods=[POST]}" onto public java.lang.String com.totallysound.repositories.resource.ApI.checkUser(java.lang.String,java.lang.String)
2017-02-27 21:31:00.020  INFO 36356 --- [main] s.w.s.m.m.a.RequestMappingHandlerMapping : Mapped "{[/error]}" onto public org.springframework.http.ResponseEntity<java.util.Map<java.lang.String, java.lang.Object>> org.springframework.boot.autoconfigure.web.BasicErrorController.error(javax.servlet.http.HttpServletRequest)
2017-02-27 21:31:00.021  INFO 36356 --- [main] s.w.s.m.m.a.RequestMappingHandlerMapping : Mapped "{[/error],produces=[text/html]}" onto public org.springframework.web.servlet.ModelAndView org.springframework.boot.autoconfigure.web.BasicErrorController.errorHtml(javax.servlet.http.HttpServletRequest,javax.servlet.http.HttpServletResponse)
2017-02-27 21:31:00.055  INFO 36356 --- [main] o.s.w.s.handler.SimpleUrlHandlerMapping  : Mapped URL path [/webjars/**] onto handler of type [class org.springframework.web.servlet.resource.ResourceHttpRequestHandler]
2017-02-27 21:31:00.055  INFO 36356 --- [main] o.s.w.s.handler.SimpleUrlHandlerMapping  : Mapped URL path [/**] onto handler of type [class org.springframework.web.servlet.resource.ResourceHttpRequestHandler]
2017-02-27 21:31:00.093  INFO 36356 --- [main] o.s.w.s.handler.SimpleUrlHandlerMapping  : Mapped URL path [/**/favicon.ico] onto handler of type [class org.springframework.web.servlet.resource.ResourceHttpRequestHandler]
2017-02-27 21:31:00.350  INFO 36356 --- [main] c.t.BrideLoginApplicationTests           : Started BrideLoginApplicationTests in 7.305 seconds (JVM running for 7.814)
2017-02-27 21:31:00.387  INFO 36356 --- [Thread-2] o.s.w.c.s.GenericWebApplicationContext   : Closing org.springframework.web.context.support.GenericWebApplicationContext@673fdbce: startup date [Mon Feb 27 21:30:53 CST 2017]; root of context hierarchy
2017-02-27 21:31:00.389  INFO 36356 --- [Thread-2] j.LocalContainerEntityManagerFactoryBean : Closing JPA EntityManagerFactory for persistence unit 'default'
2017-02-27 21:36:15.598  INFO 36423 --- [main] c.t.BrideLoginApplicationTests           : Starting BrideLoginApplicationTests on Justins-MacBook-Pro.local with PID 36423 (started by bahr2772 in /Users/bahr2772/Documents/brideLogin)
2017-02-27 21:36:15.598  INFO 36423 --- [main] c.t.BrideLoginApplicationTests           : No active profile set, falling back to default profiles: default
2017-02-27 21:36:15.628  INFO 36423 --- [main] o.s.w.c.s.GenericWebApplicationContext   : Refreshing org.springframework.web.context.support.GenericWebApplicationContext@673fdbce: startup date [Mon Feb 27 21:36:15 CST 2017]; root of context hierarchy
2017-02-27 21:36:16.525  INFO 36423 --- [main] trationDelegate$BeanPostProcessorChecker : Bean 'org.springframework.transaction.annotation.ProxyTransactionManagementConfiguration' of type [class org.springframework.transaction.annotation.ProxyTransactionManagementConfiguration$$EnhancerBySpringCGLIB$$5e440a6a] is not eligible for getting processed by all BeanPostProcessors (for example: not eligible for auto-proxying)
2017-02-27 21:36:16.814  INFO 36423 --- [main] j.LocalContainerEntityManagerFactoryBean : Building JPA container EntityManagerFactory for persistence unit 'default'
2017-02-27 21:36:16.828  INFO 36423 --- [main] o.hibernate.jpa.internal.util.LogHelper  : HHH000204: Processing PersistenceUnitInfo [
	name: default
	...]
2017-02-27 21:36:16.887  INFO 36423 --- [main] org.hibernate.Version                    : HHH000412: Hibernate Core {5.0.11.Final}
2017-02-27 21:36:16.888  INFO 36423 --- [main] org.hibernate.cfg.Environment            : HHH000206: hibernate.properties not found
2017-02-27 21:36:16.889  INFO 36423 --- [main] org.hibernate.cfg.Environment            : HHH000021: Bytecode provider name : javassist
2017-02-27 21:36:16.922  INFO 36423 --- [main] o.hibernate.annotations.common.Version   : HCANN000001: Hibernate Commons Annotations {5.0.1.Final}
2017-02-27 21:36:16.999  WARN 36423 --- [main] o.a.tomcat.jdbc.pool.ConnectionPool      : initialSize is larger than maxActive, setting initialSize to: 5
2017-02-27 21:36:16.999  WARN 36423 --- [main] o.a.tomcat.jdbc.pool.ConnectionPool      : minIdle is larger than maxActive, setting minIdle to: 5
2017-02-27 21:36:17.000  WARN 36423 --- [main] o.a.tomcat.jdbc.pool.ConnectionPool      : maxIdle is larger than maxActive, setting maxIdle to: 5
2017-02-27 21:36:19.283  INFO 36423 --- [main] org.hibernate.dialect.Dialect            : HHH000400: Using dialect: org.hibernate.dialect.MySQL5Dialect
2017-02-27 21:36:19.686  INFO 36423 --- [main] org.hibernate.tool.hbm2ddl.SchemaUpdate  : HHH000228: Running hbm2ddl schema update
2017-02-27 21:36:21.283  INFO 36423 --- [main] j.LocalContainerEntityManagerFactoryBean : Initialized JPA EntityManagerFactory for persistence unit 'default'
2017-02-27 21:36:21.944  INFO 36423 --- [main] s.w.s.m.m.a.RequestMappingHandlerAdapter : Looking for @ControllerAdvice: org.springframework.web.context.support.GenericWebApplicationContext@673fdbce: startup date [Mon Feb 27 21:36:15 CST 2017]; root of context hierarchy
2017-02-27 21:36:22.031  INFO 36423 --- [main] s.w.s.m.m.a.RequestMappingHandlerMapping : Mapped "{[/api/registerBride],methods=[POST]}" onto public java.lang.String com.totallysound.repositories.resource.ApI.registerBride(java.lang.String,java.lang.String,java.lang.String,java.lang.String,java.lang.String,java.lang.String)
2017-02-27 21:36:22.032  INFO 36423 --- [main] s.w.s.m.m.a.RequestMappingHandlerMapping : Mapped "{[/api/checkUser],methods=[POST]}" onto public java.lang.String com.totallysound.repositories.resource.ApI.checkUser(java.lang.String,java.lang.String)
2017-02-27 21:36:22.034  INFO 36423 --- [main] s.w.s.m.m.a.RequestMappingHandlerMapping : Mapped "{[/error]}" onto public org.springframework.http.ResponseEntity<java.util.Map<java.lang.String, java.lang.Object>> org.springframework.boot.autoconfigure.web.BasicErrorController.error(javax.servlet.http.HttpServletRequest)
2017-02-27 21:36:22.035  INFO 36423 --- [main] s.w.s.m.m.a.RequestMappingHandlerMapping : Mapped "{[/error],produces=[text/html]}" onto public org.springframework.web.servlet.ModelAndView org.springframework.boot.autoconfigure.web.BasicErrorController.errorHtml(javax.servlet.http.HttpServletRequest,javax.servlet.http.HttpServletResponse)
2017-02-27 21:36:22.070  INFO 36423 --- [main] o.s.w.s.handler.SimpleUrlHandlerMapping  : Mapped URL path [/webjars/**] onto handler of type [class org.springframework.web.servlet.resource.ResourceHttpRequestHandler]
2017-02-27 21:36:22.071  INFO 36423 --- [main] o.s.w.s.handler.SimpleUrlHandlerMapping  : Mapped URL path [/**] onto handler of type [class org.springframework.web.servlet.resource.ResourceHttpRequestHandler]
2017-02-27 21:36:22.145  INFO 36423 --- [main] o.s.w.s.handler.SimpleUrlHandlerMapping  : Mapped URL path [/**/favicon.ico] onto handler of type [class org.springframework.web.servlet.resource.ResourceHttpRequestHandler]
2017-02-27 21:36:22.531  INFO 36423 --- [main] c.t.BrideLoginApplicationTests           : Started BrideLoginApplicationTests in 7.411 seconds (JVM running for 7.913)
2017-02-27 21:36:22.585  INFO 36423 --- [Thread-2] o.s.w.c.s.GenericWebApplicationContext   : Closing org.springframework.web.context.support.GenericWebApplicationContext@673fdbce: startup date [Mon Feb 27 21:36:15 CST 2017]; root of context hierarchy
2017-02-27 21:36:22.587  INFO 36423 --- [Thread-2] j.LocalContainerEntityManagerFactoryBean : Closing JPA EntityManagerFactory for persistence unit 'default'
