2017-02-23 21:39:00.421  INFO 31311 --- [main] com.totallysound.BrideLoginApplication   : Starting BrideLoginApplication on Justins-MBP.attlocal.net with PID 31311 (/Users/bahr2772/Documents/brideLogin/target/classes started by bahr2772 in /Users/bahr2772/Documents/brideLogin)
2017-02-23 21:39:00.426  INFO 31311 --- [main] com.totallysound.BrideLoginApplication   : No active profile set, falling back to default profiles: default
2017-02-23 21:39:00.775  INFO 31311 --- [main] ationConfigEmbeddedWebApplicationContext : Refreshing org.springframework.boot.context.embedded.AnnotationConfigEmbeddedWebApplicationContext@4cc451f2: startup date [Thu Feb 23 21:39:00 CST 2017]; root of context hierarchy
2017-02-23 21:39:02.357  INFO 31311 --- [main] trationDelegate$BeanPostProcessorChecker : Bean 'org.springframework.transaction.annotation.ProxyTransactionManagementConfiguration' of type [class org.springframework.transaction.annotation.ProxyTransactionManagementConfiguration$$EnhancerBySpringCGLIB$$d70aea31] is not eligible for getting processed by all BeanPostProcessors (for example: not eligible for auto-proxying)
2017-02-23 21:39:02.843  INFO 31311 --- [main] s.b.c.e.t.TomcatEmbeddedServletContainer : Tomcat initialized with port(s): 8080 (http)
2017-02-23 21:39:02.857  INFO 31311 --- [main] o.apache.catalina.core.StandardService   : Starting service Tomcat
2017-02-23 21:39:02.858  INFO 31311 --- [main] org.apache.catalina.core.StandardEngine  : Starting Servlet Engine: Apache Tomcat/8.5.6
2017-02-23 21:39:02.961  INFO 31311 --- [localhost-startStop-1] o.a.c.c.C.[Tomcat].[localhost].[/]       : Initializing Spring embedded WebApplicationContext
2017-02-23 21:39:02.961  INFO 31311 --- [localhost-startStop-1] o.s.web.context.ContextLoader            : Root WebApplicationContext: initialization completed in 2190 ms
2017-02-23 21:39:03.090  INFO 31311 --- [localhost-startStop-1] o.s.b.w.servlet.ServletRegistrationBean  : Mapping servlet: 'dispatcherServlet' to [/]
2017-02-23 21:39:03.094  INFO 31311 --- [localhost-startStop-1] o.s.b.w.servlet.FilterRegistrationBean   : Mapping filter: 'requestFilter' to: [/*]
2017-02-23 21:39:03.094  INFO 31311 --- [localhost-startStop-1] o.s.b.w.servlet.FilterRegistrationBean   : Mapping filter: 'characterEncodingFilter' to: [/*]
2017-02-23 21:39:03.095  INFO 31311 --- [localhost-startStop-1] o.s.b.w.servlet.FilterRegistrationBean   : Mapping filter: 'hiddenHttpMethodFilter' to: [/*]
2017-02-23 21:39:03.095  INFO 31311 --- [localhost-startStop-1] o.s.b.w.servlet.FilterRegistrationBean   : Mapping filter: 'httpPutFormContentFilter' to: [/*]
2017-02-23 21:39:03.095  INFO 31311 --- [localhost-startStop-1] o.s.b.w.servlet.FilterRegistrationBean   : Mapping filter: 'requestContextFilter' to: [/*]
2017-02-23 21:39:03.298  INFO 31311 --- [main] j.LocalContainerEntityManagerFactoryBean : Building JPA container EntityManagerFactory for persistence unit 'default'
2017-02-23 21:39:03.326  INFO 31311 --- [main] o.hibernate.jpa.internal.util.LogHelper  : HHH000204: Processing PersistenceUnitInfo [
	name: default
	...]
2017-02-23 21:39:03.404  INFO 31311 --- [main] org.hibernate.Version                    : HHH000412: Hibernate Core {5.0.11.Final}
2017-02-23 21:39:03.406  INFO 31311 --- [main] org.hibernate.cfg.Environment            : HHH000206: hibernate.properties not found
2017-02-23 21:39:03.408  INFO 31311 --- [main] org.hibernate.cfg.Environment            : HHH000021: Bytecode provider name : javassist
2017-02-23 21:39:03.440  INFO 31311 --- [main] o.hibernate.annotations.common.Version   : HCANN000001: Hibernate Commons Annotations {5.0.1.Final}
2017-02-23 21:39:03.527  WARN 31311 --- [main] o.a.tomcat.jdbc.pool.ConnectionPool      : initialSize is larger than maxActive, setting initialSize to: 5
2017-02-23 21:39:03.528  WARN 31311 --- [main] o.a.tomcat.jdbc.pool.ConnectionPool      : minIdle is larger than maxActive, setting minIdle to: 5
2017-02-23 21:39:03.528  WARN 31311 --- [main] o.a.tomcat.jdbc.pool.ConnectionPool      : maxIdle is larger than maxActive, setting maxIdle to: 5
2017-02-23 21:39:05.511  INFO 31311 --- [main] org.hibernate.dialect.Dialect            : HHH000400: Using dialect: org.hibernate.dialect.MySQL5Dialect
2017-02-23 21:39:05.813  INFO 31311 --- [main] org.hibernate.tool.hbm2ddl.SchemaUpdate  : HHH000228: Running hbm2ddl schema update
2017-02-23 21:39:06.948  INFO 31311 --- [main] j.LocalContainerEntityManagerFactoryBean : Initialized JPA EntityManagerFactory for persistence unit 'default'
2017-02-23 21:39:07.364  INFO 31311 --- [main] s.w.s.m.m.a.RequestMappingHandlerAdapter : Looking for @ControllerAdvice: org.springframework.boot.context.embedded.AnnotationConfigEmbeddedWebApplicationContext@4cc451f2: startup date [Thu Feb 23 21:39:00 CST 2017]; root of context hierarchy
2017-02-23 21:39:07.441  INFO 31311 --- [main] s.w.s.m.m.a.RequestMappingHandlerMapping : Mapped "{[/api/registerBride],methods=[POST]}" onto public java.lang.String com.totallysound.repositories.resource.ApI.registerBride(java.lang.String,java.lang.String,java.lang.String,java.lang.String,java.lang.String,java.lang.String)
2017-02-23 21:39:07.442  INFO 31311 --- [main] s.w.s.m.m.a.RequestMappingHandlerMapping : Mapped "{[/api/checkUser],methods=[POST]}" onto public java.lang.String com.totallysound.repositories.resource.ApI.checkUser(java.lang.String,java.lang.String)
2017-02-23 21:39:07.444  INFO 31311 --- [main] s.w.s.m.m.a.RequestMappingHandlerMapping : Mapped "{[/error]}" onto public org.springframework.http.ResponseEntity<java.util.Map<java.lang.String, java.lang.Object>> org.springframework.boot.autoconfigure.web.BasicErrorController.error(javax.servlet.http.HttpServletRequest)
2017-02-23 21:39:07.444  INFO 31311 --- [main] s.w.s.m.m.a.RequestMappingHandlerMapping : Mapped "{[/error],produces=[text/html]}" onto public org.springframework.web.servlet.ModelAndView org.springframework.boot.autoconfigure.web.BasicErrorController.errorHtml(javax.servlet.http.HttpServletRequest,javax.servlet.http.HttpServletResponse)
2017-02-23 21:39:07.468  INFO 31311 --- [main] o.s.w.s.handler.SimpleUrlHandlerMapping  : Mapped URL path [/webjars/**] onto handler of type [class org.springframework.web.servlet.resource.ResourceHttpRequestHandler]
2017-02-23 21:39:07.469  INFO 31311 --- [main] o.s.w.s.handler.SimpleUrlHandlerMapping  : Mapped URL path [/**] onto handler of type [class org.springframework.web.servlet.resource.ResourceHttpRequestHandler]
2017-02-23 21:39:07.503  INFO 31311 --- [main] o.s.w.s.handler.SimpleUrlHandlerMapping  : Mapped URL path [/**/favicon.ico] onto handler of type [class org.springframework.web.servlet.resource.ResourceHttpRequestHandler]
2017-02-23 21:39:07.535  WARN 31311 --- [main] .t.AbstractTemplateResolverConfiguration : Cannot find template location: classpath:/templates/ (please add some templates or check your Thymeleaf configuration)
2017-02-23 21:39:07.970  INFO 31311 --- [main] o.s.j.e.a.AnnotationMBeanExporter        : Registering beans for JMX exposure on startup
2017-02-23 21:39:08.019  INFO 31311 --- [main] s.b.c.e.t.TomcatEmbeddedServletContainer : Tomcat started on port(s): 8080 (http)
2017-02-23 21:39:08.023  INFO 31311 --- [main] com.totallysound.BrideLoginApplication   : Started BrideLoginApplication in 8.04 seconds (JVM running for 8.375)
2017-02-23 21:39:25.772  INFO 31311 --- [http-nio-8080-exec-1] o.a.c.c.C.[Tomcat].[localhost].[/]       : Initializing Spring FrameworkServlet 'dispatcherServlet'
2017-02-23 21:39:25.772  INFO 31311 --- [http-nio-8080-exec-1] o.s.web.servlet.DispatcherServlet        : FrameworkServlet 'dispatcherServlet': initialization started
2017-02-23 21:39:25.784  INFO 31311 --- [http-nio-8080-exec-1] o.s.web.servlet.DispatcherServlet        : FrameworkServlet 'dispatcherServlet': initialization completed in 12 ms
2017-02-23 21:39:25.812  INFO 31311 --- [http-nio-8080-exec-1] c.t.repositories.resource.ApI            : === Registering Bride ===
2017-02-23 21:39:25.920  INFO 31311 --- [http-nio-8080-exec-1] o.h.h.i.QueryTranslatorFactoryInitiator  : HHH000397: Using ASTQueryTranslatorFactory
2017-02-23 21:39:26.311  INFO 31311 --- [http-nio-8080-exec-1] c.t.repositories.resource.ApI            : Bride Not Found Saving Bride and checking in with email [bahr2772@gmail.com]
2017-02-23 21:39:26.311  INFO 31311 --- [http-nio-8080-exec-1] c.t.repositories.resource.ApI            : === End ===
2017-02-23 21:39:40.458  INFO 31311 --- [http-nio-8080-exec-2] c.t.repositories.resource.ApI            : Checking for user [bahr2772@gmail.com], Number of Guest[2]
2017-02-23 21:39:40.459  INFO 31311 --- [http-nio-8080-exec-2] c.t.repositories.resource.ApI            : === Checking In Bride ===
2017-02-23 21:39:40.746  INFO 31311 --- [http-nio-8080-exec-2] c.t.repositories.resource.ApI            : Bride already checked in.
2017-02-23 21:39:40.746  INFO 31311 --- [http-nio-8080-exec-2] c.t.repositories.resource.ApI            : === End ===
2017-02-23 21:40:00.047  INFO 31311 --- [Thread-3] ationConfigEmbeddedWebApplicationContext : Closing org.springframework.boot.context.embedded.AnnotationConfigEmbeddedWebApplicationContext@4cc451f2: startup date [Thu Feb 23 21:39:00 CST 2017]; root of context hierarchy
2017-02-23 21:40:00.049  INFO 31311 --- [Thread-3] o.s.j.e.a.AnnotationMBeanExporter        : Unregistering JMX-exposed beans on shutdown
2017-02-23 21:40:00.050  INFO 31311 --- [Thread-3] j.LocalContainerEntityManagerFactoryBean : Closing JPA EntityManagerFactory for persistence unit 'default'
